\BOOKMARK [0][]{Certificat de Direccio de Tesi.0}{CERTIFICAT DE DIRECCIO DE TESI}{}% 1
\BOOKMARK [1][-]{acknowledgments.1}{Acknowledgments}{Certificat de Direccio de Tesi.0}% 2
\BOOKMARK [1][-]{publications.1}{Publications}{Certificat de Direccio de Tesi.0}% 3
\BOOKMARK [1][-]{lof.1}{List of Figures}{Certificat de Direccio de Tesi.0}% 4
\BOOKMARK [1][-]{lot.1}{List of Tables}{Certificat de Direccio de Tesi.0}% 5
\BOOKMARK [1][-]{loa.1}{List of Algorithms}{Certificat de Direccio de Tesi.0}% 6
\BOOKMARK [1][-]{acronyms.1}{Acronyms}{Certificat de Direccio de Tesi.0}% 7
\BOOKMARK [1][-]{tableofcontents.1}{Contents}{Certificat de Direccio de Tesi.0}% 8
\BOOKMARK [1][-]{Abstract.1}{Abstract}{Certificat de Direccio de Tesi.0}% 9
\BOOKMARK [1][-]{Resumen.1}{Resumen}{Certificat de Direccio de Tesi.0}% 10
\BOOKMARK [1][-]{Resum.1}{Resum}{Certificat de Direccio de Tesi.0}% 11
\BOOKMARK [0][]{chapter.1}{1 Introduction}{}% 12
\BOOKMARK [1][-]{section.1.1}{1.1 Motivation}{chapter.1}% 13
\BOOKMARK [1][-]{section.1.2}{1.2 Problem Statement}{chapter.1}% 14
\BOOKMARK [2][-]{subsection.1.2.1}{1.2.1 Navigating in Unexplored Environments with AUVs}{section.1.2}% 15
\BOOKMARK [2][-]{subsection.1.2.2}{1.2.2 Path/Motion Planning Problem for AUVs}{section.1.2}% 16
\BOOKMARK [1][-]{section.1.3}{1.3 Objectives of the Thesis}{chapter.1}% 17
\BOOKMARK [1][-]{section.1.4}{1.4 Thesis Outline and Contributions}{chapter.1}% 18
\BOOKMARK [0][]{chapter.2}{2 State of the Art}{}% 19
\BOOKMARK [1][-]{section.2.1}{2.1 Planning Collision-free Paths over the C-Space}{chapter.2}% 20
\BOOKMARK [1][-]{section.2.2}{2.2 Bug-based Methods}{chapter.2}% 21
\BOOKMARK [1][-]{section.2.3}{2.3 Search-based \(Grid-based\) Path/Motion Planning}{chapter.2}% 22
\BOOKMARK [2][-]{subsection.2.3.1}{2.3.1 Dijkstra's Algorithm}{section.2.3}% 23
\BOOKMARK [2][-]{subsection.2.3.2}{2.3.2 A*}{section.2.3}% 24
\BOOKMARK [2][-]{subsection.2.3.3}{2.3.3 Dynamic A* \(D*\)}{section.2.3}% 25
\BOOKMARK [1][-]{section.2.4}{2.4 Potential Fields}{chapter.2}% 26
\BOOKMARK [1][-]{section.2.5}{2.5 Roadmaps}{chapter.2}% 27
\BOOKMARK [2][-]{subsection.2.5.1}{2.5.1 Visibility Graphs}{section.2.5}% 28
\BOOKMARK [2][-]{subsection.2.5.2}{2.5.2 Generalized Voronoi Diagrams}{section.2.5}% 29
\BOOKMARK [1][-]{section.2.6}{2.6 Sampling-based Algorithms}{chapter.2}% 30
\BOOKMARK [2][-]{subsection.2.6.1}{2.6.1 Multiple-query Methods}{section.2.6}% 31
\BOOKMARK [2][-]{subsection.2.6.2}{2.6.2 Single-query Methods}{section.2.6}% 32
\BOOKMARK [2][-]{subsection.2.6.3}{2.6.3 Optimal Planning}{section.2.6}% 33
\BOOKMARK [1][-]{section.2.7}{2.7 Extensions and Applications}{chapter.2}% 34
\BOOKMARK [2][-]{subsection.2.7.1}{2.7.1 Planning Feasible Paths}{section.2.7}% 35
\BOOKMARK [2][-]{subsection.2.7.2}{2.7.2 Online Path/Motion Planning}{section.2.7}% 36
\BOOKMARK [1][-]{section.2.8}{2.8 Path/Motion Planning for AUVs}{chapter.2}% 37
\BOOKMARK [2][-]{subsection.2.8.1}{2.8.1 Start-to-goal Path/Motion Planning for AUVs}{section.2.8}% 38
\BOOKMARK [2][-]{subsection.2.8.2}{2.8.2 Online Motion Planning for AUVs through Unexplored Environments}{section.2.8}% 39
\BOOKMARK [1][-]{section.2.9}{2.9 Summary}{chapter.2}% 40
\BOOKMARK [0][]{chapter.3}{3 Planning Constant-Depth Paths under AUV Motion Constraints}{}% 41
\BOOKMARK [1][-]{section.3.1}{3.1 2D First-Order Motion Model}{chapter.3}% 42
\BOOKMARK [1][-]{section.3.2}{3.2 Motion Planning by Using Differential Equations}{chapter.3}% 43
\BOOKMARK [1][-]{section.3.3}{3.3 Motion Planning by Using Dubins Curves}{chapter.3}% 44
\BOOKMARK [1][-]{section.3.4}{3.4 Results}{chapter.3}% 45
\BOOKMARK [2][-]{subsection.3.4.1}{3.4.1 Conducting Missions under Geometric Constraints}{section.3.4}% 46
\BOOKMARK [2][-]{subsection.3.4.2}{3.4.2 Conducting Missions under Motion Constraints}{section.3.4}% 47
\BOOKMARK [0][]{chapter.4}{4 Planning 3D Motions for Torpedo-shaped and Propeller-driven AUVs}{}% 48
\BOOKMARK [1][-]{section.4.1}{4.1 3D First-Order Motion Model}{chapter.4}% 49
\BOOKMARK [2][-]{subsection.4.1.1}{4.1.1 Vertical Motion Constraints}{section.4.1}% 50
\BOOKMARK [2][-]{subsection.4.1.2}{4.1.2 Mathematical Formulation}{section.4.1}% 51
\BOOKMARK [1][-]{section.4.2}{4.2 Tree Expansion using Dubins Curves for 3D Motions}{chapter.4}% 52
\BOOKMARK [1][-]{section.4.3}{4.3 Results}{chapter.4}% 53
\BOOKMARK [2][-]{subsection.4.3.1}{4.3.1 Conducting 3D Missions under Geometric Constraints}{section.4.3}% 54
\BOOKMARK [2][-]{subsection.4.3.2}{4.3.2 Conducting 3D Missions under Motion Constraints}{section.4.3}% 55
\BOOKMARK [0][]{chapter.5}{5 Framework for Online Motion Planning in Unexplored Environments}{}% 56
\BOOKMARK [1][-]{section.5.1}{5.1 Mission Handler}{chapter.5}% 57
\BOOKMARK [1][-]{section.5.2}{5.2 Module for Incremental and Online Mapping}{chapter.5}% 58
\BOOKMARK [1][-]{section.5.3}{5.3 Module for \(Re\)Planning Paths Online}{chapter.5}% 59
\BOOKMARK [2][-]{subsection.5.3.1}{5.3.1 Planning Safe Paths using Risk Functions}{section.5.3}% 60
\BOOKMARK [2][-]{subsection.5.3.2}{5.3.2 Opportunistic State Checking}{section.5.3}% 61
\BOOKMARK [2][-]{subsection.5.3.3}{5.3.3 Reuse of the Last Best Known Solution}{section.5.3}% 62
\BOOKMARK [1][-]{section.5.4}{5.4 Pipeline for Online Planning Feasible and Safe Paths}{chapter.5}% 63
\BOOKMARK [1][-]{section.5.5}{5.5 Results}{chapter.5}% 64
\BOOKMARK [2][-]{subsection.5.5.1}{5.5.1 Comparison of Risk Functions}{section.5.5}% 65
\BOOKMARK [2][-]{subsection.5.5.2}{5.5.2 Opportunistic State Checking and its Benefits}{section.5.5}% 66
\BOOKMARK [2][-]{subsection.5.5.3}{5.5.3 Anytime Computation for Solving Start-to-goal Queries in Unexplored Environments}{section.5.5}% 67
\BOOKMARK [0][]{chapter.6}{6 Results in Real-World Scenarios}{}% 68
\BOOKMARK [1][-]{section.6.1}{6.1 Planning AUV Paths in Artificial Marine Structures}{chapter.6}% 69
\BOOKMARK [1][-]{section.6.2}{6.2 Planning AUV Paths in Natural Marine Formations}{chapter.6}% 70
\BOOKMARK [1][-]{section.6.3}{6.3 Planning AUV Paths in Confined Natural Environments}{chapter.6}% 71
\BOOKMARK [1][-]{section.6.4}{6.4 Gap Filling and Potential Target Inspection}{chapter.6}% 72
\BOOKMARK [0][]{chapter.7}{7 Conclusions}{}% 73
\BOOKMARK [1][-]{section.7.1}{7.1 Summary of Completed Work}{chapter.7}% 74
\BOOKMARK [1][-]{section.7.2}{7.2 Review of Contributions}{chapter.7}% 75
\BOOKMARK [1][-]{section.7.3}{7.3 Future Work}{chapter.7}% 76
\BOOKMARK [-1][]{section.7.3}{Appendix}{}% 77
\BOOKMARK [0][]{appendix.A}{A Experimental Platforms}{section.7.3}% 78
\BOOKMARK [1][-]{section.A.1}{A.1 Sparus II AUV}{appendix.A}% 79
\BOOKMARK [1][-]{section.A.2}{A.2 AsterX AUV}{appendix.A}% 80
\BOOKMARK [0][]{dummy.7}{Bibliography}{section.7.3}% 81
